#
# A fatal error has been detected by the Java Runtime Environment:
#
#  Internal Error (javaCalls.cpp:51), pid=17802, tid=0x0000000000002e03
#  guarantee(thread->is_Java_thread()) failed: crucial check - the VM thread cannot and must not escape to Java code
#
# JRE version: Java(TM) SE Runtime Environment (8.0_181-b13) (build 1.8.0_181-b13)
# Java VM: Java HotSpot(TM) 64-Bit Server VM (25.181-b13 mixed mode bsd-amd64 compressed oops)
# Failed to write core dump. Core dumps have been disabled. To enable core dumping, try "ulimit -c unlimited" before starting Java again
#
# If you would like to submit a bug report, please visit:
#   http://bugreport.java.com/bugreport/crash.jsp
#

---------------  T H R E A D  ---------------

Current thread (0x00007f9b1d820000):  VMThread [stack: 0x000070000ee5e000,0x000070000ef5e000] [id=11779]

Stack: [0x000070000ee5e000,0x000070000ef5e000],  sp=0x000070000ef5ca30,  free space=1018k
Native frames: (J=compiled Java code, j=interpreted, Vv=VM code, C=native code)
V  [libjvm.dylib+0x5b581a]  VMError::report_and_die()+0x3f8
V  [libjvm.dylib+0x1e9185]  report_vm_error(char const*, int, char const*, char const*)+0x54
V  [libjvm.dylib+0x2ef35c]  JavaCallWrapper::JavaCallWrapper(methodHandle, Handle, JavaValue*, Thread*)+0x64
V  [libjvm.dylib+0x2efc14]  JavaCalls::call_helper(JavaValue*, methodHandle*, JavaCallArguments*, Thread*)+0x608
V  [libjvm.dylib+0x2f0147]  JavaCalls::call_special(JavaValue*, KlassHandle, Symbol*, Symbol*, JavaCallArguments*, Thread*)+0x111
V  [libjvm.dylib+0x243b41]  Exceptions::new_exception(Thread*, Symbol*, Symbol*, JavaCallArguments*, Handle, Handle)+0xc7
V  [libjvm.dylib+0x243c3c]  Exceptions::new_exception(Thread*, Symbol*, Symbol*, JavaCallArguments*, Handle, Handle, Handle)+0x28
V  [libjvm.dylib+0x243e9b]  Exceptions::new_exception(Thread*, Symbol*, char const*, Handle, Handle, Handle, Exceptions::ExceptionMsgToUtf8Mode)+0x169
V  [libjvm.dylib+0x243eb6]  Exceptions::new_exception(Thread*, Symbol*, char const*, Exceptions::ExceptionMsgToUtf8Mode)+0x18
V  [libjvm.dylib+0x287b87]  GenerateOopMap::verify_error(char const*, ...)+0xed
V  [libjvm.dylib+0x287c17]  GenerateOopMap::check_type(CellTypeState, CellTypeState)+0x4b
V  [libjvm.dylib+0x287f33]  GenerateOopMap::ppop(CellTypeState*)+0x37
V  [libjvm.dylib+0x28926d]  GenerateOopMap::interp1(BytecodeStream*)+0x1bf
V  [libjvm.dylib+0x28a833]  GenerateOopMap::interp_bb(BasicBlock*)+0x14b
V  [libjvm.dylib+0x28aa3b]  GenerateOopMap::interp_all()+0x31
V  [libjvm.dylib+0x28afd2]  GenerateOopMap::do_interpretation()+0x44
V  [libjvm.dylib+0x28b3eb]  GenerateOopMap::compute_map(Thread*)+0x1fb
V  [libjvm.dylib+0x485331]  OopMapForCacheEntry::compute_map(Thread*)+0x8f
V  [libjvm.dylib+0x48553a]  OopMapCacheEntry::fill(methodHandle, int)+0x19e
V  [libjvm.dylib+0x48571b]  OopMapCache::compute_one_oop_map(methodHandle, int, InterpreterOopMap*)+0x16b
V  [libjvm.dylib+0x4859d2]  OopMapCache::lookup(methodHandle, int, InterpreterOopMap*) const+0x25c
V  [libjvm.dylib+0x2c2b04]  InstanceKlass::mask_for(methodHandle, int, InterpreterOopMap*)+0xd2
V  [libjvm.dylib+0x45306d]  Method::mask_for(int, InterpreterOopMap*)+0xb3
V  [libjvm.dylib+0x39afbf]  VM_GetOrSetLocal::doit()+0x47
V  [libjvm.dylib+0x5bd499]  VM_Operation::evaluate()+0x4f
V  [libjvm.dylib+0x5bba31]  VMThread::evaluate_operation(VM_Operation*)+0xdf
V  [libjvm.dylib+0x5bbe7e]  VMThread::loop()+0x328
V  [libjvm.dylib+0x5bb79d]  VMThread::run()+0x79
V  [libjvm.dylib+0x48e342]  java_start(Thread*)+0xf6
C  [libsystem_pthread.dylib+0x36c1]  _pthread_body+0x154
C  [libsystem_pthread.dylib+0x356d]  _pthread_body+0x0
C  [libsystem_pthread.dylib+0x2c5d]  thread_start+0xd

VM_Operation (0x000070000f369958): GetOrSetLocal, mode: safepoint, requested by thread 0x00007f9b1c855000


---------------  P R O C E S S  ---------------

Java Threads: ( => current thread )
  0x00007f9b1d04f800 JavaThread "Service Thread" daemon [_thread_blocked, id=16899, stack(0x000070000f87c000,0x000070000f97c000)]
  0x00007f9b1d04c800 JavaThread "C1 CompilerThread2" daemon [_thread_blocked, id=14851, stack(0x000070000f779000,0x000070000f879000)]
  0x00007f9b1c0d9800 JavaThread "C2 CompilerThread1" daemon [_thread_blocked, id=14595, stack(0x000070000f676000,0x000070000f776000)]
  0x00007f9b1d011000 JavaThread "C2 CompilerThread0" daemon [_thread_blocked, id=17667, stack(0x000070000f573000,0x000070000f673000)]
  0x00007f9b1c037800 JavaThread "JDWP Command Reader" daemon [_thread_in_native, id=18179, stack(0x000070000f470000,0x000070000f570000)]
  0x00007f9b1d83a800 JavaThread "JDWP Event Helper Thread" daemon [_thread_blocked, id=14083, stack(0x000070000f36d000,0x000070000f46d000)]
  0x00007f9b1c855000 JavaThread "JDWP Transport Listener: dt_socket" daemon [_thread_blocked, id=18439, stack(0x000070000f26a000,0x000070000f36a000)]
  0x00007f9b1d819800 JavaThread "Signal Dispatcher" daemon [_thread_blocked, id=18695, stack(0x000070000f167000,0x000070000f267000)]
  0x00007f9b1d004800 JavaThread "Finalizer" daemon [_thread_blocked, id=12291, stack(0x000070000f064000,0x000070000f164000)]
  0x00007f9b1d003800 JavaThread "Reference Handler" daemon [_thread_blocked, id=21251, stack(0x000070000ef61000,0x000070000f061000)]
  0x00007f9b1d801800 JavaThread "main" [_thread_blocked, id=6659, stack(0x000070000e94f000,0x000070000ea4f000)]

Other Threads:
=>0x00007f9b1d820000 VMThread [stack: 0x000070000ee5e000,0x000070000ef5e000] [id=11779]
  0x00007f9b1d069000 WatcherThread [stack: 0x000070000f97f000,0x000070000fa7f000] [id=15363]

VM state:at safepoint (normal execution)

VM Mutex/Monitor currently owned by a thread:  ([mutex/lock_event])
[0x00007f9b1be026b0] Threads_lock - owner thread: 0x00007f9b1d820000

Heap:
 PSYoungGen      total 38400K, used 6702K [0x0000000795580000, 0x0000000798000000, 0x00000007c0000000)
  eden space 33280K, 20% used [0x0000000795580000,0x0000000795c0b820,0x0000000797600000)
  from space 5120K, 0% used [0x0000000797b00000,0x0000000797b00000,0x0000000798000000)
  to   space 5120K, 0% used [0x0000000797600000,0x0000000797600000,0x0000000797b00000)
 ParOldGen       total 87552K, used 0K [0x0000000740000000, 0x0000000745580000, 0x0000000795580000)
  object space 87552K, 0% used [0x0000000740000000,0x0000000740000000,0x0000000745580000)
 Metaspace       used 4906K, capacity 5074K, committed 5248K, reserved 1056768K
  class space    used 513K, capacity 561K, committed 640K, reserved 1048576K

Card table byte_map: [0x000000010c3b4000,0x000000010c7b5000] byte_map_base: 0x00000001089b4000

Marking Bits: (ParMarkBitMap*) 0x000000010b8f9cd0
 Begin Bits: [0x000000010ca60000, 0x000000010ea60000)
 End Bits:   [0x000000010ea60000, 0x0000000110a60000)

Polling page: 0x000000010a72b000

CodeCache: size=245760Kb used=1376Kb max_used=1376Kb free=244383Kb
 bounds [0x00000001129bd000, 0x0000000112c2d000, 0x00000001219bd000]
 total_blobs=416 nmethods=136 adapters=202
 compilation: enabled

Compilation events (10 events):
Event: 2075.834 Thread 0x00007f9b1d04c800  135       3       org.eclipse.jdt.launching.internal.org.objectweb.asm.Symbol::<init> (38 bytes)
Event: 2075.834 Thread 0x00007f9b1d04c800 nmethod 135 0x0000000112b0c5d0 code [0x0000000112b0c740, 0x0000000112b0c950]
Event: 2075.834 Thread 0x00007f9b1d04c800  136       3       org.eclipse.jdt.launching.internal.org.objectweb.asm.SymbolTable::put (150 bytes)
Event: 2075.835 Thread 0x00007f9b1d04c800 nmethod 136 0x0000000112b13810 code [0x0000000112b139c0, 0x0000000112b14130]
Event: 2075.835 Thread 0x00007f9b1d04c800  133       3       org.eclipse.jdt.launching.internal.org.objectweb.asm.MethodWriter::visitLabel (305 bytes)
Event: 2075.836 Thread 0x00007f9b1d04c800 nmethod 133 0x0000000112b14590 code [0x0000000112b14780, 0x0000000112b15218]
Event: 2075.836 Thread 0x00007f9b1d04c800  131       3       org.eclipse.jdt.launching.internal.org.objectweb.asm.ByteVector::put11 (52 bytes)
Event: 2075.836 Thread 0x00007f9b1d04c800 nmethod 131 0x0000000112b15610 code [0x0000000112b15780, 0x0000000112b159e8]
Event: 2075.836 Thread 0x00007f9b1d04c800  132       3       org.eclipse.jdt.launching.internal.org.objectweb.asm.ClassReader::readShort (27 bytes)
Event: 2075.836 Thread 0x00007f9b1d04c800 nmethod 132 0x0000000112b15b50 code [0x0000000112b15cc0, 0x0000000112b15e70]

GC Heap History (0 events):
No events

Deoptimization events (0 events):
No events

Classes redefined (5 events):
Event: 592.926 Thread 0x00007f9b1d820000 redefined class name=chess.board, count=1
Event: 640.021 Thread 0x00007f9b1d820000 redefined class name=chess.board, count=2
Event: 723.790 Thread 0x00007f9b1d820000 redefined class name=chess.board, count=3
Event: 2061.737 Thread 0x00007f9b1d820000 redefined class name=chess.board, count=4
Event: 2075.834 Thread 0x00007f9b1d820000 redefined class name=chess.board, count=5

Internal exceptions (2 events):
Event: 0.041 Thread 0x00007f9b1d801800 Exception <a 'java/lang/NoSuchMethodError': Method sun.misc.Unsafe.defineClass(Ljava/lang/String;[BII)Ljava/lang/Class; name or signature does not match> (0x0000000795587cb0) thrown at [/Users/java_re/workspace/8-2-build-macosx-x86_64/jdk8u181/11358/hotsp
Event: 0.041 Thread 0x00007f9b1d801800 Exception <a 'java/lang/NoSuchMethodError': Method sun.misc.Unsafe.prefetchRead(Ljava/lang/Object;J)V name or signature does not match> (0x0000000795587f98) thrown at [/Users/java_re/workspace/8-2-build-macosx-x86_64/jdk8u181/11358/hotspot/src/share/vm/pr

Events (10 events):
Event: 2075.834 Executing VM operation: RedefineClasses done
Event: 2075.842 Executing VM operation: ChangeBreakpoints
Event: 2075.842 Executing VM operation: ChangeBreakpoints done
Event: 2075.852 Executing VM operation: ChangeBreakpoints
Event: 2075.852 Executing VM operation: ChangeBreakpoints done
Event: 2075.927 Executing VM operation: GetOwnedMonitorInfo
Event: 2075.927 Executing VM operation: GetOwnedMonitorInfo done
Event: 2075.927 Executing VM operation: GetCurrentContendedMonitor
Event: 2075.927 Executing VM operation: GetCurrentContendedMonitor done
Event: 2075.929 Executing VM operation: GetOrSetLocal


Dynamic libraries:
0x00007fff2cd43000 	/System/Library/Frameworks/Cocoa.framework/Versions/A/Cocoa
0x00007fff390b7000 	/System/Library/Frameworks/Security.framework/Versions/A/Security
0x00007fff2b9b2000 	/System/Library/Frameworks/ApplicationServices.framework/Versions/A/ApplicationServices
0x00007fff54b97000 	/usr/lib/libz.1.dylib
0x00007fff52bab000 	/usr/lib/libSystem.B.dylib
0x00007fff541ac000 	/usr/lib/libobjc.A.dylib
0x00007fff2d4dd000 	/System/Library/Frameworks/CoreFoundation.framework/Versions/A/CoreFoundation
0x00007fff2f621000 	/System/Library/Frameworks/Foundation.framework/Versions/C/Foundation
0x00007fff2ab03000 	/System/Library/Frameworks/AppKit.framework/Versions/C/AppKit
0x00007fff2d0bb000 	/System/Library/Frameworks/CoreData.framework/Versions/A/CoreData
0x00007fff4c5ef000 	/System/Library/PrivateFrameworks/RemoteViewServices.framework/Versions/A/RemoteViewServices
0x00007fff50c3e000 	/System/Library/PrivateFrameworks/UIFoundation.framework/Versions/A/UIFoundation
0x00007fff4165e000 	/System/Library/PrivateFrameworks/DFRFoundation.framework/Versions/A/DFRFoundation
0x00007fff31aa1000 	/System/Library/Frameworks/Metal.framework/Versions/A/Metal
0x00007fff417ff000 	/System/Library/PrivateFrameworks/DesktopServicesPriv.framework/Versions/A/DesktopServicesPriv
0x00007fff537ae000 	/usr/lib/libenergytrace.dylib
0x00007fff4ed63000 	/System/Library/PrivateFrameworks/SkyLight.framework/Versions/A/SkyLight
0x00007fff2d97f000 	/System/Library/Frameworks/CoreGraphics.framework/Versions/A/CoreGraphics
0x00007fff52ba6000 	/usr/lib/libScreenReader.dylib
0x00007fff29ac4000 	/System/Library/Frameworks/Accelerate.framework/Versions/A/Accelerate
0x00007fff2fd98000 	/System/Library/Frameworks/IOSurface.framework/Versions/A/IOSurface
0x00007fff2befc000 	/System/Library/Frameworks/AudioToolbox.framework/Versions/A/AudioToolbox
0x00007fff2c189000 	/System/Library/Frameworks/AudioUnit.framework/Versions/A/AudioUnit
0x00007fff416fa000 	/System/Library/PrivateFrameworks/DataDetectorsCore.framework/Versions/A/DataDetectorsCore
0x00007fff2c84a000 	/System/Library/Frameworks/Carbon.framework/Versions/A/Frameworks/HIToolbox.framework/Versions/A/HIToolbox
0x00007fff53908000 	/usr/lib/libicucore.A.dylib
0x00007fff38636000 	/System/Library/Frameworks/QuartzCore.framework/Versions/A/QuartzCore
0x00007fff2cc30000 	/System/Library/Frameworks/Carbon.framework/Versions/A/Frameworks/SpeechRecognition.framework/Versions/A/SpeechRecognition
0x00007fff52d07000 	/usr/lib/libauto.dylib
0x00007fff54a86000 	/usr/lib/libxml2.2.dylib
0x00007fff412d8000 	/System/Library/PrivateFrameworks/CoreUI.framework/Versions/A/CoreUI
0x00007fff2cf97000 	/System/Library/Frameworks/CoreAudio.framework/Versions/A/CoreAudio
0x00007fff2f45b000 	/System/Library/Frameworks/DiskArbitration.framework/Versions/A/DiskArbitration
0x00007fff53b7c000 	/usr/lib/liblangid.dylib
0x00007fff48b3f000 	/System/Library/PrivateFrameworks/MultitouchSupport.framework/Versions/A/MultitouchSupport
0x00007fff2fcfb000 	/System/Library/Frameworks/IOKit.framework/Versions/A/IOKit
0x00007fff52843000 	/usr/lib/libDiagnosticMessagesClient.dylib
0x00007fff2e63c000 	/System/Library/Frameworks/CoreServices.framework/Versions/A/CoreServices
0x00007fff4a5d9000 	/System/Library/PrivateFrameworks/PerformanceAnalysis.framework/Versions/A/PerformanceAnalysis
0x00007fff377e0000 	/System/Library/Frameworks/OpenGL.framework/Versions/A/OpenGL
0x00007fff2cd51000 	/System/Library/Frameworks/ColorSync.framework/Versions/A/ColorSync
0x00007fff2df8e000 	/System/Library/Frameworks/CoreImage.framework/Versions/A/CoreImage
0x00007fff2efcc000 	/System/Library/Frameworks/CoreText.framework/Versions/A/CoreText
0x00007fff2fdf6000 	/System/Library/Frameworks/ImageIO.framework/Versions/A/ImageIO
0x00007fff3db32000 	/System/Library/PrivateFrameworks/Backup.framework/Versions/A/Backup
0x00007fff52c57000 	/usr/lib/libarchive.2.dylib
0x00007fff2c49e000 	/System/Library/Frameworks/CFNetwork.framework/Versions/A/CFNetwork
0x00007fff39833000 	/System/Library/Frameworks/SystemConfiguration.framework/Versions/A/SystemConfiguration
0x00007fff5276c000 	/usr/lib/libCRFSuite.dylib
0x00007fff52ddf000 	/usr/lib/libc++.1.dylib
0x00007fff52e36000 	/usr/lib/libc++abi.dylib
0x00007fff54c47000 	/usr/lib/system/libcache.dylib
0x00007fff54c4c000 	/usr/lib/system/libcommonCrypto.dylib
0x00007fff54c57000 	/usr/lib/system/libcompiler_rt.dylib
0x00007fff54c5f000 	/usr/lib/system/libcopyfile.dylib
0x00007fff54c68000 	/usr/lib/system/libcorecrypto.dylib
0x00007fff54d75000 	/usr/lib/system/libdispatch.dylib
0x00007fff54daf000 	/usr/lib/system/libdyld.dylib
0x00007fff54dcd000 	/usr/lib/system/libkeymgr.dylib
0x00007fff54ddb000 	/usr/lib/system/liblaunch.dylib
0x00007fff54ddc000 	/usr/lib/system/libmacho.dylib
0x00007fff54de1000 	/usr/lib/system/libquarantine.dylib
0x00007fff54de4000 	/usr/lib/system/libremovefile.dylib
0x00007fff54de6000 	/usr/lib/system/libsystem_asl.dylib
0x00007fff54dfe000 	/usr/lib/system/libsystem_blocks.dylib
0x00007fff54dff000 	/usr/lib/system/libsystem_c.dylib
0x00007fff54e89000 	/usr/lib/system/libsystem_configuration.dylib
0x00007fff54e8d000 	/usr/lib/system/libsystem_coreservices.dylib
0x00007fff54e91000 	/usr/lib/system/libsystem_darwin.dylib
0x00007fff54e93000 	/usr/lib/system/libsystem_dnssd.dylib
0x00007fff54e9a000 	/usr/lib/system/libsystem_info.dylib
0x00007fff54f0a000 	/usr/lib/system/libsystem_m.dylib
0x00007fff54f56000 	/usr/lib/system/libsystem_malloc.dylib
0x00007fff54f76000 	/usr/lib/system/libsystem_network.dylib
0x00007fff5501b000 	/usr/lib/system/libsystem_networkextension.dylib
0x00007fff55026000 	/usr/lib/system/libsystem_notify.dylib
0x00007fff55044000 	/usr/lib/system/libsystem_sandbox.dylib
0x00007fff55048000 	/usr/lib/system/libsystem_secinit.dylib
0x00007fff54ee4000 	/usr/lib/system/libsystem_kernel.dylib
0x00007fff55030000 	/usr/lib/system/libsystem_platform.dylib
0x00007fff55038000 	/usr/lib/system/libsystem_pthread.dylib
0x00007fff5504a000 	/usr/lib/system/libsystem_symptoms.dylib
0x00007fff55052000 	/usr/lib/system/libsystem_trace.dylib
0x00007fff55067000 	/usr/lib/system/libunwind.dylib
0x00007fff5506d000 	/usr/lib/system/libxpc.dylib
0x00007fff52699000 	/usr/lib/closure/libclosured.dylib
0x00007fff52dc0000 	/usr/lib/libbsm.0.dylib
0x00007fff54dce000 	/usr/lib/system/libkxld.dylib
0x00007fff52a7d000 	/usr/lib/libOpenScriptingUtil.dylib
0x00007fff53130000 	/usr/lib/libcoretls.dylib
0x00007fff53149000 	/usr/lib/libcoretls_cfhelpers.dylib
0x00007fff545ad000 	/usr/lib/libpam.2.dylib
0x00007fff546d3000 	/usr/lib/libsqlite3.dylib
0x00007fff54a75000 	/usr/lib/libxar.1.dylib
0x00007fff52dd1000 	/usr/lib/libbz2.1.0.dylib
0x00007fff53b7e000 	/usr/lib/liblzma.5.dylib
0x00007fff5405f000 	/usr/lib/libnetwork.dylib
0x00007fff52c40000 	/usr/lib/libapple_nghttp2.dylib
0x00007fff545b4000 	/usr/lib/libpcap.A.dylib
0x00007fff52d08000 	/usr/lib/libboringssl.dylib
0x00007fff54a37000 	/usr/lib/libusrtcp.dylib
0x00007fff52c3f000 	/usr/lib/libapple_crypto.dylib
0x00007fff2e9bf000 	/System/Library/Frameworks/CoreServices.framework/Versions/A/Frameworks/FSEvents.framework/Versions/A/FSEvents
0x00007fff2e6b2000 	/System/Library/Frameworks/CoreServices.framework/Versions/A/Frameworks/CarbonCore.framework/Versions/A/CarbonCore
0x00007fff2eb81000 	/System/Library/Frameworks/CoreServices.framework/Versions/A/Frameworks/Metadata.framework/Versions/A/Metadata
0x00007fff2ec31000 	/System/Library/Frameworks/CoreServices.framework/Versions/A/Frameworks/OSServices.framework/Versions/A/OSServices
0x00007fff2ec8f000 	/System/Library/Frameworks/CoreServices.framework/Versions/A/Frameworks/SearchKit.framework/Versions/A/SearchKit
0x00007fff2e63d000 	/System/Library/Frameworks/CoreServices.framework/Versions/A/Frameworks/AE.framework/Versions/A/AE
0x00007fff2e9c8000 	/System/Library/Frameworks/CoreServices.framework/Versions/A/Frameworks/LaunchServices.framework/Versions/A/LaunchServices
0x00007fff2e98a000 	/System/Library/Frameworks/CoreServices.framework/Versions/A/Frameworks/DictionaryServices.framework/Versions/A/DictionaryServices
0x00007fff2ecfe000 	/System/Library/Frameworks/CoreServices.framework/Versions/A/Frameworks/SharedFileList.framework/Versions/A/SharedFileList
0x00007fff32c6d000 	/System/Library/Frameworks/NetFS.framework/Versions/A/NetFS
0x00007fff48dcc000 	/System/Library/PrivateFrameworks/NetAuth.framework/Versions/A/NetAuth
0x00007fff52533000 	/System/Library/PrivateFrameworks/login.framework/Versions/A/Frameworks/loginsupport.framework/Versions/A/loginsupport
0x00007fff508c2000 	/System/Library/PrivateFrameworks/TCC.framework/Versions/A/TCC
0x00007fff53c5f000 	/usr/lib/libmecabra.dylib
0x00007fff2b9b3000 	/System/Library/Frameworks/ApplicationServices.framework/Versions/A/Frameworks/ATS.framework/Versions/A/ATS
0x00007fff2bd61000 	/System/Library/Frameworks/ApplicationServices.framework/Versions/A/Frameworks/ColorSyncLegacy.framework/Versions/A/ColorSyncLegacy
0x00007fff2be05000 	/System/Library/Frameworks/ApplicationServices.framework/Versions/A/Frameworks/HIServices.framework/Versions/A/HIServices
0x00007fff2be58000 	/System/Library/Frameworks/ApplicationServices.framework/Versions/A/Frameworks/LangAnalysis.framework/Versions/A/LangAnalysis
0x00007fff2be67000 	/System/Library/Frameworks/ApplicationServices.framework/Versions/A/Frameworks/PrintCore.framework/Versions/A/PrintCore
0x00007fff2beb4000 	/System/Library/Frameworks/ApplicationServices.framework/Versions/A/Frameworks/QD.framework/Versions/A/QD
0x00007fff2beef000 	/System/Library/Frameworks/ApplicationServices.framework/Versions/A/Frameworks/SpeechSynthesis.framework/Versions/A/SpeechSynthesis
0x00007fff2d410000 	/System/Library/Frameworks/CoreDisplay.framework/Versions/A/CoreDisplay
0x00007fff29adc000 	/System/Library/Frameworks/Accelerate.framework/Versions/A/Frameworks/vImage.framework/Versions/A/vImage
0x00007fff2a813000 	/System/Library/Frameworks/Accelerate.framework/Versions/A/Frameworks/vecLib.framework/Versions/A/vecLib
0x00007fff2a5b5000 	/System/Library/Frameworks/Accelerate.framework/Versions/A/Frameworks/vecLib.framework/Versions/A/libvDSP.dylib
0x00007fff2a136000 	/System/Library/Frameworks/Accelerate.framework/Versions/A/Frameworks/vecLib.framework/Versions/A/libBNNS.dylib
0x00007fff2a53c000 	/System/Library/Frameworks/Accelerate.framework/Versions/A/Frameworks/vecLib.framework/Versions/A/libQuadrature.dylib
0x00007fff2a762000 	/System/Library/Frameworks/Accelerate.framework/Versions/A/Frameworks/vecLib.framework/Versions/A/libvMisc.dylib
0x00007fff2a165000 	/System/Library/Frameworks/Accelerate.framework/Versions/A/Frameworks/vecLib.framework/Versions/A/libLAPACK.dylib
0x00007fff29fdb000 	/System/Library/Frameworks/Accelerate.framework/Versions/A/Frameworks/vecLib.framework/Versions/A/libBLAS.dylib
0x00007fff2a526000 	/System/Library/Frameworks/Accelerate.framework/Versions/A/Frameworks/vecLib.framework/Versions/A/libLinearAlgebra.dylib
0x00007fff2a542000 	/System/Library/Frameworks/Accelerate.framework/Versions/A/Frameworks/vecLib.framework/Versions/A/libSparse.dylib
0x00007fff2a5a1000 	/System/Library/Frameworks/Accelerate.framework/Versions/A/Frameworks/vecLib.framework/Versions/A/libSparseBLAS.dylib
0x00007fff47492000 	/System/Library/PrivateFrameworks/IOAccelerator.framework/Versions/A/IOAccelerator
0x00007fff4749d000 	/System/Library/PrivateFrameworks/IOPresentment.framework/Versions/A/IOPresentment
0x00007fff41670000 	/System/Library/PrivateFrameworks/DSExternalDisplay.framework/Versions/A/DSExternalDisplay
0x00007fff36c62000 	/System/Library/Frameworks/OpenGL.framework/Versions/A/Libraries/libCoreFSCache.dylib
0x00007fff2f11b000 	/System/Library/Frameworks/CoreVideo.framework/Versions/A/CoreVideo
0x00007fff46ae5000 	/System/Library/PrivateFrameworks/GraphVisualizer.framework/Versions/A/GraphVisualizer
0x00007fff31c64000 	/System/Library/Frameworks/MetalPerformanceShaders.framework/Versions/A/MetalPerformanceShaders
0x00007fff5287b000 	/usr/lib/libFosl_dynamic.dylib
0x00007fff426a3000 	/System/Library/PrivateFrameworks/FaceCore.framework/Versions/A/FaceCore
0x00007fff35a6a000 	/System/Library/Frameworks/OpenCL.framework/Versions/A/OpenCL
0x00007fff52e6d000 	/usr/lib/libcompression.dylib
0x00007fff2bab2000 	/System/Library/Frameworks/ApplicationServices.framework/Versions/A/Frameworks/ATS.framework/Versions/A/Resources/libFontParser.dylib
0x00007fff2bbd5000 	/System/Library/Frameworks/ApplicationServices.framework/Versions/A/Frameworks/ATS.framework/Versions/A/Resources/libFontRegistry.dylib
0x00007fff3005b000 	/System/Library/Frameworks/ImageIO.framework/Versions/A/Resources/libJPEG.dylib
0x00007fff30384000 	/System/Library/Frameworks/ImageIO.framework/Versions/A/Resources/libTIFF.dylib
0x00007fff3035a000 	/System/Library/Frameworks/ImageIO.framework/Versions/A/Resources/libPng.dylib
0x00007fff2ff6e000 	/System/Library/Frameworks/ImageIO.framework/Versions/A/Resources/libGIF.dylib
0x00007fff2ff73000 	/System/Library/Frameworks/ImageIO.framework/Versions/A/Resources/libJP2.dylib
0x00007fff30381000 	/System/Library/Frameworks/ImageIO.framework/Versions/A/Resources/libRadiance.dylib
0x00007fff3d293000 	/System/Library/PrivateFrameworks/AppleJPEG.framework/Versions/A/AppleJPEG
0x00007fff488c7000 	/System/Library/PrivateFrameworks/MetalTools.framework/Versions/A/MetalTools
0x00007fff31b3d000 	/System/Library/Frameworks/MetalPerformanceShaders.framework/Frameworks/MPSCore.framework/Versions/A/MPSCore
0x00007fff31b53000 	/System/Library/Frameworks/MetalPerformanceShaders.framework/Frameworks/MPSImage.framework/Versions/A/MPSImage
0x00007fff31bbf000 	/System/Library/Frameworks/MetalPerformanceShaders.framework/Frameworks/MPSMatrix.framework/Versions/A/MPSMatrix
0x00007fff31be3000 	/System/Library/Frameworks/MetalPerformanceShaders.framework/Frameworks/MPSNeuralNetwork.framework/Versions/A/MPSNeuralNetwork
0x00007fff36e2a000 	/System/Library/Frameworks/OpenGL.framework/Versions/A/Libraries/libGLU.dylib
0x00007fff36c6c000 	/System/Library/Frameworks/OpenGL.framework/Versions/A/Libraries/libGFXShared.dylib
0x00007fff36c75000 	/System/Library/Frameworks/OpenGL.framework/Versions/A/Libraries/libGL.dylib
0x00007fff36c81000 	/System/Library/Frameworks/OpenGL.framework/Versions/A/Libraries/libGLImage.dylib
0x00007fff36c5f000 	/System/Library/Frameworks/OpenGL.framework/Versions/A/Libraries/libCVMSPluginSupport.dylib
0x00007fff36c67000 	/System/Library/Frameworks/OpenGL.framework/Versions/A/Libraries/libCoreVMClient.dylib
0x00007fff5361a000 	/usr/lib/libcups.2.dylib
0x00007fff3110b000 	/System/Library/Frameworks/Kerberos.framework/Versions/A/Kerberos
0x00007fff2fa56000 	/System/Library/Frameworks/GSS.framework/Versions/A/GSS
0x00007fff54667000 	/usr/lib/libresolv.9.dylib
0x00007fff53816000 	/usr/lib/libiconv.2.dylib
0x00007fff46b6c000 	/System/Library/PrivateFrameworks/Heimdal.framework/Versions/A/Heimdal
0x00007fff537e5000 	/usr/lib/libheimdal-asn1.dylib
0x00007fff35ad5000 	/System/Library/Frameworks/OpenDirectory.framework/Versions/A/OpenDirectory
0x00007fff3f548000 	/System/Library/PrivateFrameworks/CommonAuth.framework/Versions/A/CommonAuth
0x00007fff35ab8000 	/System/Library/Frameworks/OpenDirectory.framework/Versions/A/Frameworks/CFOpenDirectory.framework/Versions/A/CFOpenDirectory
0x00007fff393cf000 	/System/Library/Frameworks/SecurityFoundation.framework/Versions/A/SecurityFoundation
0x00007fff3c481000 	/System/Library/PrivateFrameworks/APFS.framework/Versions/A/APFS
0x00007fff54a71000 	/usr/lib/libutil.dylib
0x00007fff3d316000 	/System/Library/PrivateFrameworks/AppleSauce.framework/Versions/A/AppleSauce
0x00007fff47c74000 	/System/Library/PrivateFrameworks/LinguisticData.framework/Versions/A/LinguisticData
0x00007fff53b98000 	/usr/lib/libmarisa.dylib
0x00007fff47c2e000 	/System/Library/PrivateFrameworks/Lexicon.framework/Versions/A/Lexicon
0x00007fff527a6000 	/usr/lib/libChineseTokenizer.dylib
0x00007fff52e5c000 	/usr/lib/libcmph.dylib
0x00007fff47b38000 	/System/Library/PrivateFrameworks/LanguageModeling.framework/Versions/A/LanguageModeling
0x00007fff3ff5e000 	/System/Library/PrivateFrameworks/CoreEmoji.framework/Versions/A/CoreEmoji
0x00007fff3948b000 	/System/Library/Frameworks/ServiceManagement.framework/Versions/A/ServiceManagement
0x00007fff3db2a000 	/System/Library/PrivateFrameworks/BackgroundTaskManagement.framework/Versions/A/BackgroundTaskManagement
0x00007fff54b6e000 	/usr/lib/libxslt.1.dylib
0x00007fff2cb5a000 	/System/Library/Frameworks/Carbon.framework/Versions/A/Frameworks/Ink.framework/Versions/A/Ink
0x00007fff50ad6000 	/System/Library/PrivateFrameworks/TextureIO.framework/Versions/A/TextureIO
0x00007fff52c82000 	/usr/lib/libate.dylib
0x00007fff415d2000 	/System/Library/PrivateFrameworks/CrashReporterSupport.framework/Versions/A/CrashReporterSupport
0x00007fff4df2b000 	/System/Library/PrivateFrameworks/Sharing.framework/Versions/A/Sharing
0x00007fff4787e000 	/System/Library/PrivateFrameworks/IconServices.framework/Versions/A/IconServices
0x00007fff4c3f5000 	/System/Library/PrivateFrameworks/ProtocolBuffer.framework/Versions/A/ProtocolBuffer
0x00007fff3d11e000 	/System/Library/PrivateFrameworks/Apple80211.framework/Versions/A/Apple80211
0x00007fff2f156000 	/System/Library/Frameworks/CoreWLAN.framework/Versions/A/CoreWLAN
0x00007fff4140d000 	/System/Library/PrivateFrameworks/CoreUtils.framework/Versions/A/CoreUtils
0x00007fff2fb98000 	/System/Library/Frameworks/IOBluetooth.framework/Versions/A/IOBluetooth
0x00007fff4156d000 	/System/Library/PrivateFrameworks/CoreWiFi.framework/Versions/A/CoreWiFi
0x00007fff2d091000 	/System/Library/Frameworks/CoreBluetooth.framework/Versions/A/CoreBluetooth
0x00007fff4e065000 	/System/Library/PrivateFrameworks/SignpostNotification.framework/Versions/A/SignpostNotification
0x00007fff417be000 	/System/Library/PrivateFrameworks/DebugSymbols.framework/Versions/A/DebugSymbols
0x00007fff411c4000 	/System/Library/PrivateFrameworks/CoreSymbolication.framework/Versions/A/CoreSymbolication
0x00007fff5034d000 	/System/Library/PrivateFrameworks/Symbolication.framework/Versions/A/Symbolication
0x00007fff3d148000 	/System/Library/PrivateFrameworks/AppleFSCompression.framework/Versions/A/AppleFSCompression
0x00007fff4f7ae000 	/System/Library/PrivateFrameworks/SpeechRecognitionCore.framework/Versions/A/SpeechRecognitionCore
0x000000010b000000 	/Library/Java/JavaVirtualMachines/jdk1.8.0_181.jdk/Contents/Home/jre/lib/server/libjvm.dylib
0x00007fff54968000 	/usr/lib/libstdc++.6.0.9.dylib
0x000000010a6e7000 	/Library/Java/JavaVirtualMachines/jdk1.8.0_181.jdk/Contents/Home/jre/lib/libverify.dylib
0x000000010a6f5000 	/Library/Java/JavaVirtualMachines/jdk1.8.0_181.jdk/Contents/Home/jre/lib/libjava.dylib
0x000000010a72c000 	/Library/Java/JavaVirtualMachines/jdk1.8.0_181.jdk/Contents/Home/jre/lib/libjdwp.dylib
0x000000010a777000 	/Library/Java/JavaVirtualMachines/jdk1.8.0_181.jdk/Contents/Home/jre/lib/libnpt.dylib
0x000000010a77b000 	/Library/Java/JavaVirtualMachines/jdk1.8.0_181.jdk/Contents/Home/jre/lib/libinstrument.dylib
0x000000010a7d9000 	/Library/Java/JavaVirtualMachines/jdk1.8.0_181.jdk/Contents/Home/jre/lib/libzip.dylib
0x000000010a7ea000 	/Library/Java/JavaVirtualMachines/jdk1.8.0_181.jdk/Contents/Home/jre/lib/libdt_socket.dylib

VM Arguments:
jvm_args: -agentlib:jdwp=transport=dt_socket,suspend=y,address=localhost:63287 -javaagent:/Applications/Eclipse.app/Contents/Eclipse/configuration/org.eclipse.osgi/748/0/.cp/lib/javaagent-shaded.jar -Dfile.encoding=UTF-8 
java_command: chess.board
java_class_path (initial): /Library/Java/JavaVirtualMachines/jdk1.8.0_181.jdk/Contents/Home/jre/lib/resources.jar:/Library/Java/JavaVirtualMachines/jdk1.8.0_181.jdk/Contents/Home/jre/lib/rt.jar:/Library/Java/JavaVirtualMachines/jdk1.8.0_181.jdk/Contents/Home/jre/lib/jsse.jar:/Library/Java/JavaVirtualMachines/jdk1.8.0_181.jdk/Contents/Home/jre/lib/jce.jar:/Library/Java/JavaVirtualMachines/jdk1.8.0_181.jdk/Contents/Home/jre/lib/charsets.jar:/Library/Java/JavaVirtualMachines/jdk1.8.0_181.jdk/Contents/Home/jre/lib/jfr.jar:/Library/Java/JavaVirtualMachines/jdk1.8.0_181.jdk/Contents/Home/jre/lib/ext/sunec.jar:/Library/Java/JavaVirtualMachines/jdk1.8.0_181.jdk/Contents/Home/jre/lib/ext/nashorn.jar:/Library/Java/JavaVirtualMachines/jdk1.8.0_181.jdk/Contents/Home/jre/lib/ext/cldrdata.jar:/Library/Java/JavaVirtualMachines/jdk1.8.0_181.jdk/Contents/Home/jre/lib/ext/jfxrt.jar:/Library/Java/JavaVirtualMachines/jdk1.8.0_181.jdk/Contents/Home/jre/lib/ext/dnsns.jar:/Library/Java/JavaVirtualMachines/jdk1.8.0_181.jdk/Contents/Home/jre/lib/ext/localedata.jar:/Library/Java/JavaVirtualMachines/jdk1.8.0_181.jdk/Contents/Home/jre/lib/ext/sunjce_provider.jar:/Library/Java/JavaVirtualMachines/jdk1.8.0_181.jdk/Contents/Home/jre/lib/ext/sunpkcs11.jar:/Library/Java/JavaVirtualMachines/jdk1.8.0_181.jdk/Contents/Home/jre/lib/ext/jaccess.jar:/Library/Java/JavaVirtualMachines/jdk1.8.0_181.jdk/Contents/Home/jre/lib/ext/zipfs.jar:/System/Library/Java/Extensions/MRJToolkit.jar:/Users/masan528/workspace1/chess/bin:/Applications/Eclipse.app/Contents/Eclipse/configuration/org.eclipse.osgi/748/0/.cp/lib/javaagent-shaded.jar
Launcher Type: SUN_STANDARD

Environment Variables:
PATH=/usr/bin:/bin:/usr/sbin:/sbin
SHELL=/bin/bash

Signal Handlers:
SIGSEGV: [libjvm.dylib+0x5b6029], sa_mask[0]=11111111011111110111111111111111, sa_flags=SA_ONSTACK|SA_RESTART|SA_SIGINFO
SIGBUS: [libjvm.dylib+0x5b6029], sa_mask[0]=11111111011111110111111111111111, sa_flags=SA_RESTART|SA_SIGINFO
SIGFPE: [libjvm.dylib+0x48b934], sa_mask[0]=11111111011111110111111111111111, sa_flags=SA_RESTART|SA_SIGINFO
SIGPIPE: [libjvm.dylib+0x48b934], sa_mask[0]=11111111011111110111111111111111, sa_flags=SA_RESTART|SA_SIGINFO
SIGXFSZ: [libjvm.dylib+0x48b934], sa_mask[0]=11111111011111110111111111111111, sa_flags=SA_RESTART|SA_SIGINFO
SIGILL: [libjvm.dylib+0x48b934], sa_mask[0]=11111111011111110111111111111111, sa_flags=SA_RESTART|SA_SIGINFO
SIGUSR1: SIG_DFL, sa_mask[0]=00000000000000000000000000000000, sa_flags=none
SIGUSR2: [libjvm.dylib+0x48b452], sa_mask[0]=00100000000000000000000000000000, sa_flags=SA_RESTART|SA_SIGINFO
SIGHUP: [libjvm.dylib+0x489a1d], sa_mask[0]=11111111011111110111111111111111, sa_flags=SA_RESTART|SA_SIGINFO
SIGINT: [libjvm.dylib+0x489a1d], sa_mask[0]=11111111011111110111111111111111, sa_flags=SA_RESTART|SA_SIGINFO
SIGTERM: [libjvm.dylib+0x489a1d], sa_mask[0]=11111111011111110111111111111111, sa_flags=SA_RESTART|SA_SIGINFO
SIGQUIT: [libjvm.dylib+0x489a1d], sa_mask[0]=11111111011111110111111111111111, sa_flags=SA_RESTART|SA_SIGINFO


---------------  S Y S T E M  ---------------

OS:Bsduname:Darwin 17.3.0 Darwin Kernel Version 17.3.0: Thu Nov  9 18:09:22 PST 2017; root:xnu-4570.31.3~1/RELEASE_X86_64 x86_64
rlimit: STACK 8192k, CORE 0k, NPROC 709, NOFILE 10240, AS infinity
load average:1.98 1.97 2.00

CPU:total 4 (initial active 4) (2 cores per cpu, 2 threads per core) family 6 model 142 stepping 9, cmov, cx8, fxsr, mmx, sse, sse2, sse3, ssse3, sse4.1, sse4.2, popcnt, avx, avx2, aes, clmul, erms, rtm, 3dnowpref, lzcnt, ht, tsc, tscinvbit, bmi1, bmi2, adx

Memory: 4k page, physical 8388608k(15856k free)

/proc/meminfo:


vm_info: Java HotSpot(TM) 64-Bit Server VM (25.181-b13) for bsd-amd64 JRE (1.8.0_181-b13), built on Jul  7 2018 01:02:31 by "java_re" with gcc 4.2.1 (Based on Apple Inc. build 5658) (LLVM build 2336.11.00)

time: Tue Sep 11 22:39:45 2018
elapsed time: 2075 seconds (0d 0h 34m 35s)

